#
# A fatal error has been detected by the Java Runtime Environment:
#
#  Internal Error (javaCalls.cpp:51), pid=4560, tid=0x0000000000000f5c
#  guarantee(thread->is_Java_thread()) failed: crucial check - the VM thread cannot and must not escape to Java code
#
# JRE version: Java(TM) SE Runtime Environment (8.0_171-b11) (build 1.8.0_171-b11)
# Java VM: Java HotSpot(TM) 64-Bit Server VM (25.171-b11 mixed mode windows-amd64 compressed oops)
# Failed to write core dump. Minidumps are not enabled by default on client versions of Windows
#
# If you would like to submit a bug report, please visit:
#   http://bugreport.java.com/bugreport/crash.jsp
#

---------------  T H R E A D  ---------------

Current thread (0x00000000575a4000):  VMThread [stack: 0x0000000058720000,0x0000000058820000] [id=3932]

Stack: [0x0000000058720000,0x0000000058820000]
[error occurred during error reporting (printing stack bounds), id 0xc0000005]

Native frames: (J=compiled Java code, j=interpreted, Vv=VM code, C=native code)

VM_Operation (0x000000005949f2d0): GetOrSetLocal, mode: safepoint, requested by thread 0x0000000058b00800


---------------  P R O C E S S  ---------------

Java Threads: ( => current thread )
  0x000000005b322800 JavaThread "Keep-Alive-Timer" daemon [_thread_blocked, id=2968, stack(0x000000005bcf0000,0x000000005bdf0000)]
  0x000000005ba69000 JavaThread "http-nio-9999-exec-14" daemon [_thread_blocked, id=4516, stack(0x0000000060c40000,0x0000000060d40000)]
  0x000000005ba68000 JavaThread "http-nio-9999-exec-13" daemon [_thread_blocked, id=4244, stack(0x000000005a810000,0x000000005a910000)]
  0x000000005ba67800 JavaThread "http-nio-9999-exec-12" daemon [_thread_blocked, id=2480, stack(0x00000000605c0000,0x00000000606c0000)]
  0x000000005b323000 JavaThread "http-nio-9999-exec-11" daemon [_thread_blocked, id=2032, stack(0x0000000060720000,0x0000000060820000)]
  0x000000005b321800 JavaThread "http-nio-9999-exec-10" daemon [_thread_blocked, id=6328, stack(0x000000005cee0000,0x000000005cfe0000)]
  0x000000005b321000 JavaThread "http-nio-9999-exec-8" daemon [_thread_blocked, id=3836, stack(0x0000000060460000,0x0000000060560000)]
  0x000000005b31f800 JavaThread "http-nio-9999-exec-6" daemon [_thread_blocked, id=2168, stack(0x00000000601d0000,0x00000000602d0000)]
  0x000000005b31e000 JavaThread "http-nio-9999-exec-4" daemon [_thread_blocked, id=5880, stack(0x000000005ff70000,0x0000000060070000)]
  0x000000005b31d000 JavaThread "http-nio-9999-exec-3" daemon [_thread_blocked, id=5648, stack(0x000000005fe60000,0x000000005ff60000)]
  0x000000005b31c800 JavaThread "http-nio-9999-exec-2" daemon [_thread_blocked, id=2496, stack(0x000000005a250000,0x000000005a350000)]
  0x000000005ba66800 JavaThread "DestroyJavaVM" [_thread_blocked, id=6488, stack(0x0000000002790000,0x0000000002890000)]
  0x000000005ba66000 JavaThread "http-nio-9999-Acceptor-0" daemon [_thread_in_native, id=4420, stack(0x000000005f910000,0x000000005fa10000)]
  0x000000005ba65000 JavaThread "http-nio-9999-ClientPoller-1" daemon [_thread_in_native, id=6140, stack(0x000000005f7e0000,0x000000005f8e0000)]
  0x000000005ba64800 JavaThread "http-nio-9999-ClientPoller-0" daemon [_thread_in_native, id=5736, stack(0x000000005dd70000,0x000000005de70000)]
  0x000000005ba63800 JavaThread "NioBlockingSelector.BlockPoller-1" daemon [_thread_in_native, id=6720, stack(0x000000005dc10000,0x000000005dd10000)]
  0x000000005ba63000 JavaThread "container-0" [_thread_blocked, id=5708, stack(0x000000005d420000,0x000000005d520000)]
  0x000000005ba62000 JavaThread "ContainerBackgroundProcessor[StandardEngine[Tomcat].StandardHost[localhost].StandardContext[]]" daemon [_thread_blocked, id=5760, stack(0x000000005d270000,0x000000005d370000)]
  0x000000005ad41800 JavaThread "RMI Scheduler(0)" daemon [_thread_blocked, id=6264, stack(0x000000005bf80000,0x000000005c080000)]
  0x0000000059cf9800 JavaThread "RMI TCP Accept-0" daemon [_thread_in_native, id=2884, stack(0x000000005a910000,0x000000005aa10000)]
  0x0000000059cf0800 JavaThread "RMI TCP Accept-59948" daemon [_thread_in_native, id=4012, stack(0x000000005a6f0000,0x000000005a7f0000)]
  0x0000000059ce3000 JavaThread "RMI TCP Accept-0" daemon [_thread_in_native, id=7152, stack(0x000000005a4e0000,0x000000005a5e0000)]
  0x00000000599a0000 JavaThread "Service Thread" daemon [_thread_blocked, id=736, stack(0x0000000059eb0000,0x0000000059fb0000)]
  0x000000005999c000 JavaThread "C1 CompilerThread2" daemon [_thread_blocked, id=6464, stack(0x00000000594a0000,0x00000000595a0000)]
  0x0000000059997800 JavaThread "C2 CompilerThread1" daemon [_thread_blocked, id=5924, stack(0x000000005a120000,0x000000005a220000)]
  0x0000000059994800 JavaThread "C2 CompilerThread0" daemon [_thread_blocked, id=4796, stack(0x0000000059fb0000,0x000000005a0b0000)]
  0x0000000058b0f800 JavaThread "JDWP Command Reader" daemon [_thread_in_native, id=5488, stack(0x00000000595a0000,0x00000000596a0000)]
  0x0000000058b0b000 JavaThread "JDWP Event Helper Thread" daemon [_thread_blocked, id=6432, stack(0x00000000591d0000,0x00000000592d0000)]
  0x0000000058b00800 JavaThread "JDWP Transport Listener: dt_socket" daemon [_thread_blocked, id=3832, stack(0x00000000593a0000,0x00000000594a0000)]
  0x0000000058ae3000 JavaThread "Attach Listener" daemon [_thread_blocked, id=6248, stack(0x0000000059090000,0x0000000059190000)]
  0x0000000058ae2800 JavaThread "Signal Dispatcher" daemon [_thread_blocked, id=6484, stack(0x0000000058ed0000,0x0000000058fd0000)]
  0x00000000575f2800 JavaThread "Finalizer" daemon [_thread_blocked, id=6412, stack(0x00000000589d0000,0x0000000058ad0000)]
  0x00000000575ab800 JavaThread "Reference Handler" daemon [_thread_blocked, id=2920, stack(0x0000000058890000,0x0000000058990000)]

Other Threads:
=>0x00000000575a4000 VMThread [stack: 0x0000000058720000,0x0000000058820000] [id=3932]
  0x0000000059d08800 WatcherThread [stack: 0x000000005aa20000,0x000000005ab20000] [id=6584]

VM state:at safepoint (normal execution)

VM Mutex/Monitor currently owned by a thread:  ([mutex/lock_event])
[0x0000000002400a00] Threads_lock - owner thread: 0x00000000575a4000

Heap:
 PSYoungGen      total 257536K, used 221925K [0x00000000d5e00000, 0x00000000edb00000, 0x0000000100000000)
  eden space 243712K, 91% used [0x00000000d5e00000,0x00000000e36b9468,0x00000000e4c00000)
  from space 13824K, 0% used [0x00000000e4c00000,0x00000000e4c00000,0x00000000e5980000)
  to   space 15360K, 0% used [0x00000000ecc00000,0x00000000ecc00000,0x00000000edb00000)
 ParOldGen       total 72192K, used 22377K [0x0000000081a00000, 0x0000000086080000, 0x00000000d5e00000)
  object space 72192K, 30% used [0x0000000081a00000,0x0000000082fda520,0x0000000086080000)
 Metaspace       used 37537K, capacity 37958K, committed 38360K, reserved 1083392K
  class space    used 4726K, capacity 4833K, committed 4864K, reserved 1048576K

Card table byte_map: [0x0000000011dc0000,0x00000000121c0000] byte_map_base: 0x00000000119b3000

Marking Bits: (ParMarkBitMap*) 0x000000005e7808c0
 Begin Bits: [0x00000000128e0000, 0x0000000014878000)
 End Bits:   [0x0000000014878000, 0x0000000016810000)

Polling page: 0x0000000000130000

CodeCache: size=245760Kb used=10015Kb max_used=10015Kb free=235744Kb
 bounds [0x0000000002a00000, 0x00000000033d0000, 0x0000000011a00000]
 total_blobs=4926 nmethods=4233 adapters=611
 compilation: enabled

Compilation events (10 events):
Event: 765.308 Thread 0x000000005999c000 4305       1       java.lang.StackTraceElement::isNativeMethod (15 bytes)
Event: 765.308 Thread 0x000000005999c000 nmethod 4305 0x00000000033ca110 code [0x00000000033ca260, 0x00000000033ca390]
Event: 768.408 Thread 0x000000005999c000 4306       1       org.apache.tomcat.util.buf.CharChunk::toStringInternal (25 bytes)
Event: 768.408 Thread 0x000000005999c000 nmethod 4306 0x00000000033ca410 code [0x00000000033ca580, 0x00000000033ca708]
Event: 768.408 Thread 0x000000005999c000 4307       1       org.apache.coyote.Response::action (37 bytes)
Event: 768.408 Thread 0x000000005999c000 nmethod 4307 0x00000000033ca790 code [0x00000000033ca900, 0x00000000033caab8]
Event: 768.409 Thread 0x000000005999c000 4308       1       org.springframework.web.servlet.mvc.condition.AbstractRequestCondition::hashCode (10 bytes)
Event: 768.409 Thread 0x000000005999c000 nmethod 4308 0x00000000033cab50 code [0x00000000033cacc0, 0x00000000033cae38]
Event: 768.409 Thread 0x000000005999c000 4309   !   1       com.sun.proxy.$Proxy54::annotationType (29 bytes)
Event: 768.409 Thread 0x000000005999c000 nmethod 4309 0x00000000033caed0 code [0x00000000033cb060, 0x00000000033cb2d8]

GC Heap History (10 events):
Event: 4.408 GC heap before
{Heap before GC invocations=7 (full 1):
 PSYoungGen      total 144384K, used 5764K [0x00000000d5e00000, 0x00000000df600000, 0x0000000100000000)
  eden space 133120K, 0% used [0x00000000d5e00000,0x00000000d5e00000,0x00000000de000000)
  from space 11264K, 51% used [0x00000000deb00000,0x00000000df0a12c0,0x00000000df600000)
  to   space 11264K, 0% used [0x00000000de000000,0x00000000de000000,0x00000000deb00000)
 ParOldGen       total 87552K, used 14574K [0x0000000081a00000, 0x0000000086f80000, 0x00000000d5e00000)
  object space 87552K, 16% used [0x0000000081a00000,0x000000008283bbb8,0x0000000086f80000)
 Metaspace       used 20771K, capacity 21098K, committed 21248K, reserved 1067008K
  class space    used 2582K, capacity 2692K, committed 2816K, reserved 1048576K
Event: 4.457 GC heap after
Heap after GC invocations=7 (full 1):
 PSYoungGen      total 144384K, used 0K [0x00000000d5e00000, 0x00000000df600000, 0x0000000100000000)
  eden space 133120K, 0% used [0x00000000d5e00000,0x00000000d5e00000,0x00000000de000000)
  from space 11264K, 0% used [0x00000000deb00000,0x00000000deb00000,0x00000000df600000)
  to   space 11264K, 0% used [0x00000000de000000,0x00000000de000000,0x00000000deb00000)
 ParOldGen       total 56832K, used 13267K [0x0000000081a00000, 0x0000000085180000, 0x00000000d5e00000)
  object space 56832K, 23% used [0x0000000081a00000,0x00000000826f4d78,0x0000000085180000)
 Metaspace       used 20771K, capacity 21098K, committed 21248K, reserved 1067008K
  class space    used 2582K, capacity 2692K, committed 2816K, reserved 1048576K
}
Event: 5.487 GC heap before
{Heap before GC invocations=8 (full 1):
 PSYoungGen      total 144384K, used 133120K [0x00000000d5e00000, 0x00000000df600000, 0x0000000100000000)
  eden space 133120K, 100% used [0x00000000d5e00000,0x00000000de000000,0x00000000de000000)
  from space 11264K, 0% used [0x00000000deb00000,0x00000000deb00000,0x00000000df600000)
  to   space 11264K, 0% used [0x00000000de000000,0x00000000de000000,0x00000000deb00000)
 ParOldGen       total 56832K, used 13267K [0x0000000081a00000, 0x0000000085180000, 0x00000000d5e00000)
  object space 56832K, 23% used [0x0000000081a00000,0x00000000826f4d78,0x0000000085180000)
 Metaspace       used 26464K, capacity 26798K, committed 27008K, reserved 1073152K
  class space    used 3336K, capacity 3434K, committed 3456K, reserved 1048576K
Event: 5.499 GC heap after
Heap after GC invocations=8 (full 1):
 PSYoungGen      total 144384K, used 9713K [0x00000000d5e00000, 0x00000000e6680000, 0x0000000100000000)
  eden space 133120K, 0% used [0x00000000d5e00000,0x00000000d5e00000,0x00000000de000000)
  from space 11264K, 86% used [0x00000000de000000,0x00000000de97c5a0,0x00000000deb00000)
  to   space 11776K, 0% used [0x00000000e5b00000,0x00000000e5b00000,0x00000000e6680000)
 ParOldGen       total 56832K, used 13275K [0x0000000081a00000, 0x0000000085180000, 0x00000000d5e00000)
  object space 56832K, 23% used [0x0000000081a00000,0x00000000826f6d78,0x0000000085180000)
 Metaspace       used 26464K, capacity 26798K, committed 27008K, reserved 1073152K
  class space    used 3336K, capacity 3434K, committed 3456K, reserved 1048576K
}
Event: 6.605 GC heap before
{Heap before GC invocations=9 (full 1):
 PSYoungGen      total 144384K, used 142833K [0x00000000d5e00000, 0x00000000e6680000, 0x0000000100000000)
  eden space 133120K, 100% used [0x00000000d5e00000,0x00000000de000000,0x00000000de000000)
  from space 11264K, 86% used [0x00000000de000000,0x00000000de97c5a0,0x00000000deb00000)
  to   space 11776K, 0% used [0x00000000e5b00000,0x00000000e5b00000,0x00000000e6680000)
 ParOldGen       total 56832K, used 13275K [0x0000000081a00000, 0x0000000085180000, 0x00000000d5e00000)
  object space 56832K, 23% used [0x0000000081a00000,0x00000000826f6d78,0x0000000085180000)
 Metaspace       used 32387K, capacity 32786K, committed 33152K, reserved 1079296K
  class space    used 4045K, capacity 4162K, committed 4224K, reserved 1048576K
Event: 6.627 GC heap after
Heap after GC invocations=9 (full 1):
 PSYoungGen      total 255488K, used 11759K [0x00000000d5e00000, 0x00000000e6700000, 0x0000000100000000)
  eden space 243712K, 0% used [0x00000000d5e00000,0x00000000d5e00000,0x00000000e4c00000)
  from space 11776K, 99% used [0x00000000e5b00000,0x00000000e667bc50,0x00000000e6680000)
  to   space 13824K, 0% used [0x00000000e4c00000,0x00000000e4c00000,0x00000000e5980000)
 ParOldGen       total 56832K, used 15392K [0x0000000081a00000, 0x0000000085180000, 0x00000000d5e00000)
  object space 56832K, 27% used [0x0000000081a00000,0x0000000082908258,0x0000000085180000)
 Metaspace       used 32387K, capacity 32786K, committed 33152K, reserved 1079296K
  class space    used 4045K, capacity 4162K, committed 4224K, reserved 1048576K
}
Event: 18.654 GC heap before
{Heap before GC invocations=10 (full 1):
 PSYoungGen      total 255488K, used 106002K [0x00000000d5e00000, 0x00000000e6700000, 0x0000000100000000)
  eden space 243712K, 38% used [0x00000000d5e00000,0x00000000dba08c88,0x00000000e4c00000)
  from space 11776K, 99% used [0x00000000e5b00000,0x00000000e667bc50,0x00000000e6680000)
  to   space 13824K, 0% used [0x00000000e4c00000,0x00000000e4c00000,0x00000000e5980000)
 ParOldGen       total 56832K, used 15392K [0x0000000081a00000, 0x0000000085180000, 0x00000000d5e00000)
  object space 56832K, 27% used [0x0000000081a00000,0x0000000082908258,0x0000000085180000)
 Metaspace       used 34768K, capacity 35226K, committed 35416K, reserved 1081344K
  class space    used 4360K, capacity 4479K, committed 4480K, reserved 1048576K
Event: 18.667 GC heap after
Heap after GC invocations=10 (full 1):
 PSYoungGen      total 257536K, used 12848K [0x00000000d5e00000, 0x00000000edb00000, 0x0000000100000000)
  eden space 243712K, 0% used [0x00000000d5e00000,0x00000000d5e00000,0x00000000e4c00000)
  from space 13824K, 92% used [0x00000000e4c00000,0x00000000e588c0f8,0x00000000e5980000)
  to   space 15360K, 0% used [0x00000000ecc00000,0x00000000ecc00000,0x00000000edb00000)
 ParOldGen       total 56832K, used 15400K [0x0000000081a00000, 0x0000000085180000, 0x00000000d5e00000)
  object space 56832K, 27% used [0x0000000081a00000,0x000000008290a258,0x0000000085180000)
 Metaspace       used 34768K, capacity 35226K, committed 35416K, reserved 1081344K
  class space    used 4360K, capacity 4479K, committed 4480K, reserved 1048576K
}
Event: 18.667 GC heap before
{Heap before GC invocations=11 (full 2):
 PSYoungGen      total 257536K, used 12848K [0x00000000d5e00000, 0x00000000edb00000, 0x0000000100000000)
  eden space 243712K, 0% used [0x00000000d5e00000,0x00000000d5e00000,0x00000000e4c00000)
  from space 13824K, 92% used [0x00000000e4c00000,0x00000000e588c0f8,0x00000000e5980000)
  to   space 15360K, 0% used [0x00000000ecc00000,0x00000000ecc00000,0x00000000edb00000)
 ParOldGen       total 56832K, used 15400K [0x0000000081a00000, 0x0000000085180000, 0x00000000d5e00000)
  object space 56832K, 27% used [0x0000000081a00000,0x000000008290a258,0x0000000085180000)
 Metaspace       used 34768K, capacity 35226K, committed 35416K, reserved 1081344K
  class space    used 4360K, capacity 4479K, committed 4480K, reserved 1048576K
Event: 18.751 GC heap after
Heap after GC invocations=11 (full 2):
 PSYoungGen      total 257536K, used 0K [0x00000000d5e00000, 0x00000000edb00000, 0x0000000100000000)
  eden space 243712K, 0% used [0x00000000d5e00000,0x00000000d5e00000,0x00000000e4c00000)
  from space 13824K, 0% used [0x00000000e4c00000,0x00000000e4c00000,0x00000000e5980000)
  to   space 15360K, 0% used [0x00000000ecc00000,0x00000000ecc00000,0x00000000edb00000)
 ParOldGen       total 72192K, used 22377K [0x0000000081a00000, 0x0000000086080000, 0x00000000d5e00000)
  object space 72192K, 30% used [0x0000000081a00000,0x0000000082fda520,0x0000000086080000)
 Metaspace       used 34768K, capacity 35226K, committed 35416K, reserved 1081344K
  class space    used 4360K, capacity 4479K, committed 4480K, reserved 1048576K
}

Deoptimization events (0 events):
No events

Classes redefined (1 events):
Event: 661.454 Thread 0x00000000575a4000 redefined class name=gene.helper.GetQinShuiHelper, count=1

Internal exceptions (10 events):
Event: 726.940 Thread 0x000000005b323000 Exception <a 'java/io/IOException'> (0x00000000d9bdae88) thrown at [C:\re\workspace\8-2-build-windows-amd64-cygwin\jdk8u171\10807\hotspot\src\share\vm\prims\jni.cpp, line 709]
Event: 726.951 Thread 0x000000005b323000 Exception <a 'java/io/IOException'> (0x00000000dd468830) thrown at [C:\re\workspace\8-2-build-windows-amd64-cygwin\jdk8u171\10807\hotspot\src\share\vm\prims\jni.cpp, line 709]
Event: 726.951 Thread 0x000000005b323000 Exception <a 'java/io/IOException'> (0x00000000dd46dc00) thrown at [C:\re\workspace\8-2-build-windows-amd64-cygwin\jdk8u171\10807\hotspot\src\share\vm\prims\jni.cpp, line 709]
Event: 737.041 Thread 0x000000005b321800 Exception <a 'java/io/IOException'> (0x00000000e05f5678) thrown at [C:\re\workspace\8-2-build-windows-amd64-cygwin\jdk8u171\10807\hotspot\src\share\vm\prims\jni.cpp, line 709]
Event: 737.041 Thread 0x000000005b321800 Exception <a 'java/io/IOException'> (0x00000000e05f6978) thrown at [C:\re\workspace\8-2-build-windows-amd64-cygwin\jdk8u171\10807\hotspot\src\share\vm\prims\jni.cpp, line 709]
Event: 737.042 Thread 0x000000005b321800 Exception <a 'java/io/IOException'> (0x00000000e05f7050) thrown at [C:\re\workspace\8-2-build-windows-amd64-cygwin\jdk8u171\10807\hotspot\src\share\vm\prims\jni.cpp, line 709]
Event: 764.878 Thread 0x000000005ba69000 Exception <a 'java/io/FileNotFoundException'> (0x00000000da38e8a8) thrown at [C:\re\workspace\8-2-build-windows-amd64-cygwin\jdk8u171\10807\hotspot\src\share\vm\prims\jni.cpp, line 709]
Event: 764.882 Thread 0x000000005ba69000 Exception <a 'java/lang/NullPointerException'> (0x00000000da3a6280) thrown at [C:\re\workspace\8-2-build-windows-amd64-cygwin\jdk8u171\10807\hotspot\src\share\vm\interpreter\linkResolver.cpp, line 1185]
Event: 765.302 Thread 0x000000005ba67800 Exception <a 'java/io/FileNotFoundException'> (0x00000000da2b22f8) thrown at [C:\re\workspace\8-2-build-windows-amd64-cygwin\jdk8u171\10807\hotspot\src\share\vm\prims\jni.cpp, line 709]
Event: 765.305 Thread 0x000000005ba67800 Exception <a 'java/lang/NullPointerException'> (0x00000000da2c9cd0) thrown at [C:\re\workspace\8-2-build-windows-amd64-cygwin\jdk8u171\10807\hotspot\src\share\vm\interpreter\linkResolver.cpp, line 1185]

Events (10 events):
Event: 782.981 Executing VM operation: GetOrSetLocal done
Event: 782.982 Executing VM operation: GetOrSetLocal
Event: 782.982 Executing VM operation: GetOrSetLocal done
Event: 782.982 Executing VM operation: GetOrSetLocal
Event: 782.982 Executing VM operation: GetOrSetLocal done
Event: 782.983 Executing VM operation: GetOrSetLocal
Event: 782.983 Executing VM operation: GetOrSetLocal done
Event: 782.986 Executing VM operation: GetOrSetLocal
Event: 782.986 Executing VM operation: GetOrSetLocal done
Event: 782.986 Executing VM operation: GetOrSetLocal


Dynamic libraries:
0x000000013f860000 - 0x000000013f897000 	C:\Program Files\Java\jdk1.8.0_171\bin\java.exe
0x00000000777a0000 - 0x000000007793f000 	C:\Windows\SYSTEM32\ntdll.dll
0x0000000077680000 - 0x000000007779f000 	C:\Windows\system32\kernel32.dll
0x000007fefd9f0000 - 0x000007fefda5a000 	C:\Windows\system32\KERNELBASE.dll
0x000007fefe700000 - 0x000007fefe7db000 	C:\Windows\system32\ADVAPI32.dll
0x000007fefe340000 - 0x000007fefe3df000 	C:\Windows\system32\msvcrt.dll
0x000007fefe9e0000 - 0x000007fefe9ff000 	C:\Windows\SYSTEM32\sechost.dll
0x000007fefe5d0000 - 0x000007fefe6fd000 	C:\Windows\system32\RPCRT4.dll
0x0000000077580000 - 0x000000007767a000 	C:\Windows\system32\USER32.dll
0x000007fefdb40000 - 0x000007fefdba7000 	C:\Windows\system32\GDI32.dll
0x000007fefe430000 - 0x000007fefe43e000 	C:\Windows\system32\LPK.dll
0x000007fefdce0000 - 0x000007fefdda9000 	C:\Windows\system32\USP10.dll
0x000007fefbe30000 - 0x000007fefc024000 	C:\Windows\WinSxS\amd64_microsoft.windows.common-controls_6595b64144ccf1df_6.0.7601.18837_none_fa3b1e3d17594757\COMCTL32.dll
0x000007feff900000 - 0x000007feff971000 	C:\Windows\system32\SHLWAPI.dll
0x000007fefeb40000 - 0x000007fefeb6e000 	C:\Windows\system32\IMM32.DLL
0x000007feff980000 - 0x000007feffa89000 	C:\Windows\system32\MSCTF.dll
0x000000006a0a0000 - 0x000000006a172000 	C:\Program Files\Java\jdk1.8.0_171\jre\bin\msvcr100.dll
0x000000005df60000 - 0x000000005e800000 	C:\Program Files\Java\jdk1.8.0_171\jre\bin\server\jvm.dll
0x000007fef0080000 - 0x000007fef0089000 	C:\Windows\system32\WSOCK32.dll
0x000007fefe3e0000 - 0x000007fefe42d000 	C:\Windows\system32\WS2_32.dll
0x000007fefe030000 - 0x000007fefe038000 	C:\Windows\system32\NSI.dll
0x000007fef9df0000 - 0x000007fef9e2b000 	C:\Windows\system32\WINMM.dll
0x000007fefc7c0000 - 0x000007fefc7cc000 	C:\Windows\system32\VERSION.dll
0x0000000077940000 - 0x0000000077947000 	C:\Windows\system32\PSAPI.DLL
0x00000000740a0000 - 0x00000000740af000 	C:\Program Files\Java\jdk1.8.0_171\jre\bin\verify.dll
0x000000006b080000 - 0x000000006b0a9000 	C:\Program Files\Java\jdk1.8.0_171\jre\bin\java.dll
0x000000006ac20000 - 0x000000006ac55000 	C:\Program Files\Java\jdk1.8.0_171\jre\bin\jdwp.dll
0x00000000740b0000 - 0x00000000740b8000 	C:\Program Files\Java\jdk1.8.0_171\jre\bin\npt.dll
0x000000006af60000 - 0x000000006af83000 	C:\Program Files\Java\jdk1.8.0_171\jre\bin\instrument.dll
0x000000006bf40000 - 0x000000006bf56000 	C:\Program Files\Java\jdk1.8.0_171\jre\bin\zip.dll
0x000007fefeb70000 - 0x000007feff8fb000 	C:\Windows\system32\SHELL32.dll
0x000007fefde30000 - 0x000007fefe02d000 	C:\Windows\system32\ole32.dll
0x000007fefd690000 - 0x000007fefd69f000 	C:\Windows\system32\profapi.dll
0x000000006f260000 - 0x000000006f269000 	C:\Program Files\Java\jdk1.8.0_171\jre\bin\dt_socket.dll
0x000007fefced0000 - 0x000007fefcf25000 	C:\Windows\system32\mswsock.dll
0x000007fefc890000 - 0x000007fefc897000 	C:\Windows\System32\wshtcpip.dll
0x000000006ea50000 - 0x000000006ea5d000 	C:\Program Files\Java\jdk1.8.0_171\jre\bin\management.dll
0x000000006bf20000 - 0x000000006bf3a000 	C:\Program Files\Java\jdk1.8.0_171\jre\bin\net.dll
0x000007fefcec0000 - 0x000007fefcec7000 	C:\Windows\System32\wship6.dll
0x000000006ba90000 - 0x000000006baa1000 	C:\Program Files\Java\jdk1.8.0_171\jre\bin\nio.dll
0x000007fefb690000 - 0x000007fefb6a5000 	C:\Windows\system32\NLAapi.dll
0x000007fef8fd0000 - 0x000007fef8fe5000 	C:\Windows\system32\napinsp.dll
0x000007fef8fb0000 - 0x000007fef8fc9000 	C:\Windows\system32\pnrpnsp.dll
0x000007fefcd50000 - 0x000007fefcdab000 	C:\Windows\system32\DNSAPI.dll
0x000007fef8fa0000 - 0x000007fef8fab000 	C:\Windows\System32\winrnr.dll
0x000007fefaff0000 - 0x000007fefb017000 	C:\Windows\system32\IPHLPAPI.DLL
0x000007fefafe0000 - 0x000007fefafeb000 	C:\Windows\system32\WINNSI.DLL
0x000007fef51b0000 - 0x000007fef51b8000 	C:\Windows\system32\rasadhlp.dll
0x000007fefad70000 - 0x000007fefadc3000 	C:\Windows\System32\fwpuclnt.dll
0x000007fefcf30000 - 0x000007fefcf47000 	C:\Windows\system32\CRYPTSP.dll
0x000007fefcc30000 - 0x000007fefcc77000 	C:\Windows\system32\rsaenh.dll
0x000007fefc9b0000 - 0x000007fefc9ce000 	C:\Windows\system32\USERENV.dll
0x000007fefd5c0000 - 0x000007fefd5cf000 	C:\Windows\system32\CRYPTBASE.dll
0x000007fefad40000 - 0x000007fefad51000 	C:\Windows\system32\dhcpcsvc6.DLL
0x000007fefacc0000 - 0x000007fefacd8000 	C:\Windows\system32\dhcpcsvc.DLL

VM Arguments:
jvm_args: -agentlib:jdwp=transport=dt_socket,address=127.0.0.1:59949,suspend=y,server=n -XX:TieredStopAtLevel=1 -Xverify:none -Dspring.output.ansi.enabled=always -Dcom.sun.management.jmxremote -Dcom.sun.management.jmxremote.port=59948 -Dcom.sun.management.jmxremote.authenticate=false -Dcom.sun.management.jmxremote.ssl=false -Djava.rmi.server.hostname=localhost -Dspring.liveBeansView.mbeanDomain -Dspring.application.admin.enabled=true -javaagent:C:\Users\Administrator\.IntelliJIdea2018.1\system\captureAgent\debugger-agent.jar=file:/C:/Users/Administrator/AppData/Local/Temp/capture.props -Dfile.encoding=UTF-8 
java_command: gene.Application
java_class_path (initial): C:\Program Files\Java\jdk1.8.0_171\jre\lib\charsets.jar;C:\Program Files\Java\jdk1.8.0_171\jre\lib\deploy.jar;C:\Program Files\Java\jdk1.8.0_171\jre\lib\ext\access-bridge-64.jar;C:\Program Files\Java\jdk1.8.0_171\jre\lib\ext\cldrdata.jar;C:\Program Files\Java\jdk1.8.0_171\jre\lib\ext\dnsns.jar;C:\Program Files\Java\jdk1.8.0_171\jre\lib\ext\jaccess.jar;C:\Program Files\Java\jdk1.8.0_171\jre\lib\ext\jfxrt.jar;C:\Program Files\Java\jdk1.8.0_171\jre\lib\ext\localedata.jar;C:\Program Files\Java\jdk1.8.0_171\jre\lib\ext\nashorn.jar;C:\Program Files\Java\jdk1.8.0_171\jre\lib\ext\sunec.jar;C:\Program Files\Java\jdk1.8.0_171\jre\lib\ext\sunjce_provider.jar;C:\Program Files\Java\jdk1.8.0_171\jre\lib\ext\sunmscapi.jar;C:\Program Files\Java\jdk1.8.0_171\jre\lib\ext\sunpkcs11.jar;C:\Program Files\Java\jdk1.8.0_171\jre\lib\ext\zipfs.jar;C:\Program Files\Java\jdk1.8.0_171\jre\lib\javaws.jar;C:\Program Files\Java\jdk1.8.0_171\jre\lib\jce.jar;C:\Program Files\Java\jdk1.8.0_171\jre\lib\jfr.jar;C:\Program Files\Java\jdk1.8.0_171\jre\lib\jfxswt.jar;C:\Program Files\Java\jdk1.8.0_171\jre\lib\jsse.jar;C:\Program Files\Java\jdk1.8.0_171\jre\lib\management-agent.jar;C:\Program Files\Java\jdk1.8.0_171\jre\lib\plugin.jar;C:\Program Files\Java\jdk1.8.0_171\jre\lib\resources.jar;C:\Program Files\Java\jdk1.8.0_171\jre\lib\rt.jar;E:\otherItem\QinShuiXing\QinShuiXing\target\classes;C:\Users\Administrator\.m2\repository\org\springframework\boot\spring-boot-starter-hateoas\1.3.5.RELEASE\spring-boot-starter-hateoas-1.3.5.RELEASE.jar;C:\Users\Administrator\.m2\repository\org\springframework\boot\spring-boot-starter-web\1.3.5.RELEASE\spring-boot-starter-web-1.3.5.RELEASE.jar;C:\Users\Administrator\.m2\repository\org\springframework\boot\spring-boot-starter-tomcat\1.3.5.RELEASE\spring-boot-starter-tomcat-1.3.5.RELEASE.jar;C:\Users\Administrator\.m2\repository\org\apache\tomcat\embed\tomcat-embed-core\8.0.33\tomcat-embed-core-8.0.33.jar;C:\Users\Administrator\.m2\repository\
Launcher Type: SUN_STANDARD

Environment Variables:
JAVA_HOME=C:\Program Files\Java\jdk1.8.0_171
CLASSPATH=.;C:\Program Files\Java\jdk1.8.0_171\lib;C:\Program Files\Java\jdk1.8.0_171\lib\tools.jar
PATH=C:\Windows\system32;C:\Windows;C:\Windows\System32\Wbem;C:\Windows\System32\WindowsPowerShell\v1.0\;C:\Program Files\Java\jdk1.8.0_171\bin;C:\Program Files\Java\jdk1.8.0_171\jre\bin;E:\tools\apache-maven-3.3.9-bin\apache-maven-3.3.9\bin;D:\new_system\git\Git\cmd;D:\mysql-5.6.35-winx64\mysql-5.6.35-winx64\bin;
USERNAME=Administrator
OS=Windows_NT
PROCESSOR_IDENTIFIER=Intel64 Family 6 Model 94 Stepping 3, GenuineIntel



---------------  S Y S T E M  ---------------

OS: Windows 7 , 64 bit Build 7601 (6.1.7601.24168)

CPU:total 4 (initial active 4) (2 cores per cpu, 2 threads per core) family 6 model 94 stepping 3, cmov, cx8, fxsr, mmx, sse, sse2, sse3, ssse3, sse4.1, sse4.2, popcnt, avx, avx2, aes, clmul, erms, 3dnowpref, lzcnt, ht, tsc, tscinvbit, bmi1, bmi2, adx

Memory: 4k page, physical 8277176k(1962524k free), swap 16552476k(9354056k free)

vm_info: Java HotSpot(TM) 64-Bit Server VM (25.171-b11) for windows-amd64 JRE (1.8.0_171-b11), built on Mar 28 2018 16:06:12 by "java_re" with MS VC++ 10.0 (VS2010)

time: Wed Aug 15 13:29:22 2018
elapsed time: 782 seconds (0d 0h 13m 2s)

