#
# A fatal error has been detected by the Java Runtime Environment:
#
#  EXCEPTION_ACCESS_VIOLATION (0xc0000005) at pc=0x000000005c082009, pid=7028, tid=0x0000000000001b90
#
# JRE version: Java(TM) SE Runtime Environment (8.0_171-b11) (build 1.8.0_171-b11)
# Java VM: Java HotSpot(TM) 64-Bit Server VM (25.171-b11 mixed mode windows-amd64 compressed oops)
# Problematic frame:
# V  [jvm.dll+0xc2009]
#
# Failed to write core dump. Minidumps are not enabled by default on client versions of Windows
#
# If you would like to submit a bug report, please visit:
#   http://bugreport.java.com/bugreport/crash.jsp
#

---------------  T H R E A D  ---------------

Current thread (0x000000005ec10000):  JavaThread "http-nio-9999-exec-7" daemon [_thread_in_vm, id=7056, stack(0x00000000608a0000,0x00000000609a0000)]

siginfo: ExceptionCode=0xc0000005, reading address 0x0000000000000018

Registers:
RAX=0x0000000016e57340, RBX=0x0000000000000001, RCX=0x0000000000000200, RDX=0x0000000000000018
RSP=0x000000006099c8f0, RBP=0x000000006099c9f0, RSI=0x000000005ec10000, RDI=0x0000000000000000
R8 =0x0000000016e57340, R9 =0x0000000056e88080, R10=0x0000000000000042, R11=0x0000000002502270
R12=0x000000006099cad0, R13=0x000000005ec10000, R14=0x00000000025504e0, R15=0x000000006099cca0
RIP=0x000000005c082009, EFLAGS=0x0000000000010246

Top of Stack: (sp=0x000000006099c8f0)
0x000000006099c8f0:   0000000016e57340 000000005c07f097
0x000000006099c900:   000000006099cac0 0000000016e57340
0x000000006099c910:   00000000025504e0 0000000002552ab0
0x000000006099c920:   00000000172e93e8 000000005c5b9b30
0x000000006099c930:   000000005ec10000 000000005ec10000
0x000000006099c940:   0000000056e88080 000000005ec10000
0x000000006099c950:   000000006099c990 000000005ec10000
0x000000006099c960:   000000006099ca20 000000005c1f6e73
0x000000006099c970:   000000006099c990 0000000000000001
0x000000006099c980:   0000000000000030 000000005ec10000
0x000000006099c990:   00000000602e04f0 000000005ec10000
0x000000006099c9a0:   00000000570e0418 000000005ec10000
0x000000006099c9b0:   0000000000000001 000000006099cac0
0x000000006099c9c0:   0000000000000030 00000000602e04f0
0x000000006099c9d0:   000000005ec10000 000000005c081e6d
0x000000006099c9e0:   000000005d82ff10 000000005c1f7021 

Instructions: (pc=0x000000005c082009)
0x000000005c081fe9:   03 bd 00 00 48 89 7b 10 48 89 73 18 4c 89 73 20
0x000000005c081ff9:   e9 8f 06 00 00 41 8b 50 0c 48 8b bd b0 00 00 00
0x000000005c082009:   48 39 04 3a 0f 84 cf 00 00 00 83 fa 18 75 21 48
0x000000005c082019:   8b d0 48 8b cf e8 8d 37 06 00 48 8b bd b0 00 00 


Register to memory mapping:

RAX=0x0000000016e57340 is pointing into metadata
RBX=0x0000000000000001 is an unknown value
RCX=0x0000000000000200 is an unknown value
RDX=0x0000000000000018 is an unknown value
RSP=0x000000006099c8f0 is pointing into the stack for thread: 0x000000005ec10000
RBP=0x000000006099c9f0 is pointing into the stack for thread: 0x000000005ec10000
RSI=0x000000005ec10000 is a thread
RDI=0x0000000000000000 is an unknown value
R8 =0x0000000016e57340 is pointing into metadata
R9 ={method} {0x0000000056e88088} 'entrySet' '()Ljava/util/Set;' in 'java/util/Map'
R10=0x0000000000000042 is an unknown value
R11=0x0000000002502270 is an unknown value
R12=0x000000006099cad0 is pointing into the stack for thread: 0x000000005ec10000
R13=0x000000005ec10000 is a thread
R14=0x00000000025504e0 is an unknown value
R15=0x000000006099cca0 is pointing into the stack for thread: 0x000000005ec10000


Stack: [0x00000000608a0000,0x00000000609a0000],  sp=0x000000006099c8f0,  free space=1010k
Native frames: (J=compiled Java code, j=interpreted, Vv=VM code, C=native code)
V  [jvm.dll+0xc2009]
V  [jvm.dll+0xc3457]
V  [jvm.dll+0xc3c9a]
V  [jvm.dll+0xc422f]
V  [jvm.dll+0xbc9ba]
C  0x0000000002a5532c

Java frames: (J=compiled Java code, j=interpreted, Vv=VM code)
j  gene.helper.GetQinShuiHelper.executePostByUsual(Ljava/lang/String;Ljava/util/Map;)Ljava/util/Map;+109
j  gene.helper.GetQinShuiHelper.parasBody3(Ljava/lang/String;)Lgene/model/BackModel;+155
j  gene.helper.GetQinShuiHelper.getQinShui(Ljava/lang/String;Ljava/lang/Integer;)Ljava/util/List;+222
j  gene.controller.MainController.getQinShuiXing(Ljava/lang/String;Ljava/lang/Integer;)Ljava/lang/Object;+2
v  ~StubRoutines::call_stub
J 1399  sun.reflect.NativeMethodAccessorImpl.invoke0(Ljava/lang/reflect/Method;Ljava/lang/Object;[Ljava/lang/Object;)Ljava/lang/Object; (0 bytes) @ 0x0000000002d95cff [0x0000000002d95c80+0x7f]
J 1398 C1 sun.reflect.NativeMethodAccessorImpl.invoke(Ljava/lang/Object;[Ljava/lang/Object;)Ljava/lang/Object; (104 bytes) @ 0x0000000002d98a0c [0x0000000002d98660+0x3ac]
J 1243 C1 sun.reflect.DelegatingMethodAccessorImpl.invoke(Ljava/lang/Object;[Ljava/lang/Object;)Ljava/lang/Object; (10 bytes) @ 0x0000000002d28fbc [0x0000000002d28f60+0x5c]
J 1234 C1 java.lang.reflect.Method.invoke(Ljava/lang/Object;[Ljava/lang/Object;)Ljava/lang/Object; (62 bytes) @ 0x0000000002d233cc [0x0000000002d232a0+0x12c]
j  org.springframework.web.method.support.InvocableHandlerMethod.doInvoke([Ljava/lang/Object;)Ljava/lang/Object;+16
j  org.springframework.web.method.support.InvocableHandlerMethod.invokeForRequest(Lorg/springframework/web/context/request/NativeWebRequest;Lorg/springframework/web/method/support/ModelAndViewContainer;[Ljava/lang/Object;)Ljava/lang/Object;+96
j  org.springframework.web.servlet.mvc.method.annotation.ServletInvocableHandlerMethod.invokeAndHandle(Lorg/springframework/web/context/request/ServletWebRequest;Lorg/springframework/web/method/support/ModelAndViewContainer;[Ljava/lang/Object;)V+4
j  org.springframework.web.servlet.mvc.method.annotation.RequestMappingHandlerAdapter.invokeHandlerMethod(Ljavax/servlet/http/HttpServletRequest;Ljavax/servlet/http/HttpServletResponse;Lorg/springframework/web/method/HandlerMethod;)Lorg/springframework/web/servlet/ModelAndView;+262
j  org.springframework.web.servlet.mvc.method.annotation.RequestMappingHandlerAdapter.handleInternal(Ljavax/servlet/http/HttpServletRequest;Ljavax/servlet/http/HttpServletResponse;Lorg/springframework/web/method/HandlerMethod;)Lorg/springframework/web/servlet/ModelAndView;+81
j  org.springframework.web.servlet.mvc.method.AbstractHandlerMethodAdapter.handle(Ljavax/servlet/http/HttpServletRequest;Ljavax/servlet/http/HttpServletResponse;Ljava/lang/Object;)Lorg/springframework/web/servlet/ModelAndView;+7
j  org.springframework.web.servlet.DispatcherServlet.doDispatch(Ljavax/servlet/http/HttpServletRequest;Ljavax/servlet/http/HttpServletResponse;)V+318
j  org.springframework.web.servlet.DispatcherServlet.doService(Ljavax/servlet/http/HttpServletRequest;Ljavax/servlet/http/HttpServletResponse;)V+301
j  org.springframework.web.servlet.FrameworkServlet.processRequest(Ljavax/servlet/http/HttpServletRequest;Ljavax/servlet/http/HttpServletResponse;)V+71
j  org.springframework.web.servlet.FrameworkServlet.doGet(Ljavax/servlet/http/HttpServletRequest;Ljavax/servlet/http/HttpServletResponse;)V+3
j  javax.servlet.http.HttpServlet.service(Ljavax/servlet/http/HttpServletRequest;Ljavax/servlet/http/HttpServletResponse;)V+35
j  org.springframework.web.servlet.FrameworkServlet.service(Ljavax/servlet/http/HttpServletRequest;Ljavax/servlet/http/HttpServletResponse;)V+27
j  javax.servlet.http.HttpServlet.service(Ljavax/servlet/ServletRequest;Ljavax/servlet/ServletResponse;)V+30
j  org.apache.catalina.core.ApplicationFilterChain.internalDoFilter(Ljavax/servlet/ServletRequest;Ljavax/servlet/ServletResponse;)V+396
j  org.apache.catalina.core.ApplicationFilterChain.doFilter(Ljavax/servlet/ServletRequest;Ljavax/servlet/ServletResponse;)V+101
j  org.apache.tomcat.websocket.server.WsFilter.doFilter(Ljavax/servlet/ServletRequest;Ljavax/servlet/ServletResponse;Ljavax/servlet/FilterChain;)V+21
j  org.apache.catalina.core.ApplicationFilterChain.internalDoFilter(Ljavax/servlet/ServletRequest;Ljavax/servlet/ServletResponse;)V+151
j  org.apache.catalina.core.ApplicationFilterChain.doFilter(Ljavax/servlet/ServletRequest;Ljavax/servlet/ServletResponse;)V+101
j  gene.filter.MyFilter.doFilter(Ljavax/servlet/ServletRequest;Ljavax/servlet/ServletResponse;Ljavax/servlet/FilterChain;)V+135
j  org.apache.catalina.core.ApplicationFilterChain.internalDoFilter(Ljavax/servlet/ServletRequest;Ljavax/servlet/ServletResponse;)V+151
j  org.apache.catalina.core.ApplicationFilterChain.doFilter(Ljavax/servlet/ServletRequest;Ljavax/servlet/ServletResponse;)V+101
j  org.springframework.web.filter.RequestContextFilter.doFilterInternal(Ljavax/servlet/http/HttpServletRequest;Ljavax/servlet/http/HttpServletResponse;Ljavax/servlet/FilterChain;)V+21
j  org.springframework.web.filter.OncePerRequestFilter.doFilter(Ljavax/servlet/ServletRequest;Ljavax/servlet/ServletResponse;Ljavax/servlet/FilterChain;)V+111
j  org.apache.catalina.core.ApplicationFilterChain.internalDoFilter(Ljavax/servlet/ServletRequest;Ljavax/servlet/ServletResponse;)V+151
j  org.apache.catalina.core.ApplicationFilterChain.doFilter(Ljavax/servlet/ServletRequest;Ljavax/servlet/ServletResponse;)V+101
j  org.springframework.web.filter.HttpPutFormContentFilter.doFilterInternal(Ljavax/servlet/http/HttpServletRequest;Ljavax/servlet/http/HttpServletResponse;Ljavax/servlet/FilterChain;)V+87
j  org.springframework.web.filter.OncePerRequestFilter.doFilter(Ljavax/servlet/ServletRequest;Ljavax/servlet/ServletResponse;Ljavax/servlet/FilterChain;)V+111
j  org.apache.catalina.core.ApplicationFilterChain.internalDoFilter(Ljavax/servlet/ServletRequest;Ljavax/servlet/ServletResponse;)V+151
j  org.apache.catalina.core.ApplicationFilterChain.doFilter(Ljavax/servlet/ServletRequest;Ljavax/servlet/ServletResponse;)V+101
j  org.springframework.web.filter.HiddenHttpMethodFilter.doFilterInternal(Ljavax/servlet/http/HttpServletRequest;Ljavax/servlet/http/HttpServletResponse;Ljavax/servlet/FilterChain;)V+71
j  org.springframework.web.filter.OncePerRequestFilter.doFilter(Ljavax/servlet/ServletRequest;Ljavax/servlet/ServletResponse;Ljavax/servlet/FilterChain;)V+111
j  org.apache.catalina.core.ApplicationFilterChain.internalDoFilter(Ljavax/servlet/ServletRequest;Ljavax/servlet/ServletResponse;)V+151
j  org.apache.catalina.core.ApplicationFilterChain.doFilter(Ljavax/servlet/ServletRequest;Ljavax/servlet/ServletResponse;)V+101
j  org.springframework.web.filter.CharacterEncodingFilter.doFilterInternal(Ljavax/servlet/http/HttpServletRequest;Ljavax/servlet/http/HttpServletResponse;Ljavax/servlet/FilterChain;)V+53
j  org.springframework.web.filter.OncePerRequestFilter.doFilter(Ljavax/servlet/ServletRequest;Ljavax/servlet/ServletResponse;Ljavax/servlet/FilterChain;)V+111
j  org.apache.catalina.core.ApplicationFilterChain.internalDoFilter(Ljavax/servlet/ServletRequest;Ljavax/servlet/ServletResponse;)V+151
j  org.apache.catalina.core.ApplicationFilterChain.doFilter(Ljavax/servlet/ServletRequest;Ljavax/servlet/ServletResponse;)V+101
j  org.apache.catalina.core.StandardWrapperValve.invoke(Lorg/apache/catalina/connector/Request;Lorg/apache/catalina/connector/Response;)V+762
j  org.apache.catalina.core.StandardContextValve.invoke(Lorg/apache/catalina/connector/Request;Lorg/apache/catalina/connector/Response;)V+166
j  org.apache.catalina.authenticator.AuthenticatorBase.invoke(Lorg/apache/catalina/connector/Request;Lorg/apache/catalina/connector/Response;)V+417
j  org.apache.catalina.core.StandardHostValve.invoke(Lorg/apache/catalina/connector/Request;Lorg/apache/catalina/connector/Response;)V+135
j  org.apache.catalina.valves.ErrorReportValve.invoke(Lorg/apache/catalina/connector/Request;Lorg/apache/catalina/connector/Response;)V+6
j  org.apache.catalina.core.StandardEngineValve.invoke(Lorg/apache/catalina/connector/Request;Lorg/apache/catalina/connector/Response;)V+71
j  org.apache.catalina.connector.CoyoteAdapter.service(Lorg/apache/coyote/Request;Lorg/apache/coyote/Response;)V+202
j  org.apache.coyote.http11.AbstractHttp11Processor.process(Lorg/apache/tomcat/util/net/SocketWrapper;)Lorg/apache/tomcat/util/net/AbstractEndpoint$Handler$SocketState;+626
j  org.apache.coyote.AbstractProtocol$AbstractConnectionHandler.process(Lorg/apache/tomcat/util/net/SocketWrapper;Lorg/apache/tomcat/util/net/SocketStatus;)Lorg/apache/tomcat/util/net/AbstractEndpoint$Handler$SocketState;+339
j  org.apache.tomcat.util.net.NioEndpoint$SocketProcessor.doRun()V+166
j  org.apache.tomcat.util.net.NioEndpoint$SocketProcessor.run()V+63
j  java.util.concurrent.ThreadPoolExecutor.runWorker(Ljava/util/concurrent/ThreadPoolExecutor$Worker;)V+95
j  java.util.concurrent.ThreadPoolExecutor$Worker.run()V+5
j  org.apache.tomcat.util.threads.TaskThread$WrappingRunnable.run()V+4
j  java.lang.Thread.run()V+11
v  ~StubRoutines::call_stub

---------------  P R O C E S S  ---------------

Java Threads: ( => current thread )
  0x000000005ec13000 JavaThread "http-nio-9999-exec-11" daemon [_thread_blocked, id=6832, stack(0x0000000060fa0000,0x00000000610a0000)]
  0x000000005ec12000 JavaThread "http-nio-9999-exec-10" daemon [_thread_blocked, id=7260, stack(0x0000000060e50000,0x0000000060f50000)]
  0x000000005ec11800 JavaThread "http-nio-9999-exec-9" daemon [_thread_blocked, id=3640, stack(0x0000000060c60000,0x0000000060d60000)]
  0x000000005ec10800 JavaThread "http-nio-9999-exec-8" daemon [_thread_blocked, id=5592, stack(0x0000000060af0000,0x0000000060bf0000)]
=>0x000000005ec10000 JavaThread "http-nio-9999-exec-7" daemon [_thread_in_vm, id=7056, stack(0x00000000608a0000,0x00000000609a0000)]
  0x000000005ec0f000 JavaThread "http-nio-9999-exec-6" daemon [_thread_blocked, id=2940, stack(0x0000000060770000,0x0000000060870000)]
  0x000000005ec0e800 JavaThread "http-nio-9999-exec-5" daemon [_thread_blocked, id=7800, stack(0x0000000060560000,0x0000000060660000)]
  0x000000005ec0d800 JavaThread "http-nio-9999-exec-4" daemon [_thread_blocked, id=6752, stack(0x000000005b480000,0x000000005b580000)]
  0x000000005d599800 JavaThread "http-nio-9999-exec-2" daemon [_thread_blocked, id=5488, stack(0x000000005beb0000,0x000000005bfb0000)]
  0x000000005d59a800 JavaThread "http-nio-9999-exec-1" daemon [_thread_blocked, id=6364, stack(0x000000005e1c0000,0x000000005e2c0000)]
  0x000000005d598000 JavaThread "DestroyJavaVM" [_thread_blocked, id=6668, stack(0x0000000002670000,0x0000000002770000)]
  0x000000005d597800 JavaThread "http-nio-9999-Acceptor-0" daemon [_thread_in_native, id=8104, stack(0x000000005e870000,0x000000005e970000)]
  0x000000005d596800 JavaThread "http-nio-9999-ClientPoller-1" daemon [_thread_in_native, id=6824, stack(0x000000005fe10000,0x000000005ff10000)]
  0x000000005d596000 JavaThread "http-nio-9999-ClientPoller-0" daemon [_thread_in_native, id=6996, stack(0x000000005fcf0000,0x000000005fdf0000)]
  0x000000005d595000 JavaThread "NioBlockingSelector.BlockPoller-1" daemon [_thread_in_native, id=5752, stack(0x000000005fb90000,0x000000005fc90000)]
  0x000000005d594800 JavaThread "container-0" [_thread_blocked, id=5880, stack(0x0000000058730000,0x0000000058830000)]
  0x000000005d593800 JavaThread "ContainerBackgroundProcessor[StandardEngine[Tomcat].StandardHost[localhost].StandardContext[]]" daemon [_thread_blocked, id=4208, stack(0x000000005de40000,0x000000005df40000)]
  0x0000000059f91000 JavaThread "RMI Scheduler(0)" daemon [_thread_blocked, id=2452, stack(0x000000005b580000,0x000000005b680000)]
  0x0000000059f40000 JavaThread "RMI TCP Accept-0" daemon [_thread_in_native, id=7240, stack(0x000000005a860000,0x000000005a960000)]
  0x0000000059f32800 JavaThread "RMI TCP Accept-63219" daemon [_thread_in_native, id=6620, stack(0x000000005b090000,0x000000005b190000)]
  0x0000000059f23000 JavaThread "RMI TCP Accept-0" daemon [_thread_in_native, id=5224, stack(0x000000005aea0000,0x000000005afa0000)]
  0x0000000059c56800 JavaThread "Service Thread" daemon [_thread_blocked, id=6992, stack(0x000000005a750000,0x000000005a850000)]
  0x0000000059bdb800 JavaThread "C1 CompilerThread2" daemon [_thread_blocked, id=6152, stack(0x000000005a5b0000,0x000000005a6b0000)]
  0x0000000059bda000 JavaThread "C2 CompilerThread1" daemon [_thread_blocked, id=752, stack(0x000000005a380000,0x000000005a480000)]
  0x0000000059bd7000 JavaThread "C2 CompilerThread0" daemon [_thread_blocked, id=5676, stack(0x000000005a210000,0x000000005a310000)]
  0x0000000058d6d800 JavaThread "JDWP Command Reader" daemon [_thread_in_native, id=4228, stack(0x00000000597e0000,0x00000000598e0000)]
  0x0000000058d6b000 JavaThread "JDWP Event Helper Thread" daemon [_thread_blocked, id=7428, stack(0x0000000059690000,0x0000000059790000)]
  0x0000000058d66800 JavaThread "JDWP Transport Listener: dt_socket" daemon [_thread_blocked, id=7448, stack(0x00000000594c0000,0x00000000595c0000)]
  0x0000000058d43000 JavaThread "Attach Listener" daemon [_thread_blocked, id=5388, stack(0x0000000058b10000,0x0000000058c10000)]
  0x0000000058d42800 JavaThread "Signal Dispatcher" daemon [_thread_blocked, id=5560, stack(0x0000000059200000,0x0000000059300000)]
  0x0000000057832800 JavaThread "Finalizer" daemon [_thread_blocked, id=6896, stack(0x0000000058c30000,0x0000000058d30000)]
  0x00000000577eb800 JavaThread "Reference Handler" daemon [_thread_blocked, id=5484, stack(0x0000000058980000,0x0000000058a80000)]

Other Threads:
  0x00000000577e4000 VMThread [stack: 0x0000000058830000,0x0000000058930000] [id=1300]
  0x0000000059f42000 WatcherThread [stack: 0x000000005b200000,0x000000005b300000] [id=7180]

VM state:not at safepoint (normal execution)

VM Mutex/Monitor currently owned by a thread: None

Heap:
 PSYoungGen      total 276480K, used 171359K [0x00000000d5e00000, 0x00000000f0e80000, 0x0000000100000000)
  eden space 262656K, 65% used [0x00000000d5e00000,0x00000000e0557e80,0x00000000e5e80000)
  from space 13824K, 0% used [0x00000000e5e80000,0x00000000e5e80000,0x00000000e6c00000)
  to   space 17408K, 0% used [0x00000000efd80000,0x00000000efd80000,0x00000000f0e80000)
 ParOldGen       total 81408K, used 25808K [0x0000000081a00000, 0x0000000086980000, 0x00000000d5e00000)
  object space 81408K, 31% used [0x0000000081a00000,0x0000000083334170,0x0000000086980000)
 Metaspace       used 37483K, capacity 37966K, committed 38360K, reserved 1083392K
  class space    used 4710K, capacity 4833K, committed 4864K, reserved 1048576K

Card table byte_map: [0x0000000011de0000,0x00000000121e0000] byte_map_base: 0x00000000119d3000

Marking Bits: (ParMarkBitMap*) 0x000000005c7e08c0
 Begin Bits: [0x0000000012b20000, 0x0000000014ab8000)
 End Bits:   [0x0000000014ab8000, 0x0000000016a50000)

Polling page: 0x0000000000140000

CodeCache: size=245760Kb used=9666Kb max_used=9809Kb free=236093Kb
 bounds [0x0000000002a20000, 0x00000000033c0000, 0x0000000011a20000]
 total_blobs=4694 nmethods=4003 adapters=611
 compilation: enabled

Compilation events (10 events):
Event: 233.162 Thread 0x0000000059bdb800 4057       1       org.apache.tomcat.util.buf.ByteChunk::isNull (13 bytes)
Event: 233.163 Thread 0x0000000059bdb800 nmethod 4057 0x0000000002c365d0 code [0x0000000002c36720, 0x0000000002c36850]
Event: 235.124 Thread 0x0000000059bdb800 4059       1       org.apache.tomcat.util.buf.MessageBytes::setString (43 bytes)
Event: 235.124 Thread 0x0000000059bdb800 nmethod 4059 0x0000000002c78390 code [0x0000000002c784e0, 0x0000000002c78630]
Event: 235.124 Thread 0x0000000059bdb800 4060       1       java.nio.charset.CharsetDecoder::onUnmappableCharacter (26 bytes)
Event: 235.125 Thread 0x0000000059bdb800 nmethod 4060 0x0000000002c71b10 code [0x0000000002c71c80, 0x0000000002c71e68]
Event: 235.125 Thread 0x0000000059bdb800 4061       1       java.nio.charset.CharsetDecoder::implOnUnmappableCharacter (1 bytes)
Event: 235.125 Thread 0x0000000059bdb800 nmethod 4061 0x0000000002eb0750 code [0x0000000002eb08a0, 0x0000000002eb09b0]
Event: 235.125 Thread 0x0000000059bdb800 4062       1       org.springframework.web.servlet.handler.AbstractHandlerMapping::getPathMatcher (5 bytes)
Event: 235.125 Thread 0x0000000059bdb800 nmethod 4062 0x0000000002f870d0 code [0x0000000002f87220, 0x0000000002f87330]

GC Heap History (10 events):
Event: 2.984 GC heap before
{Heap before GC invocations=5 (full 0):
 PSYoungGen      total 138240K, used 12250K [0x00000000d5e00000, 0x00000000dea00000, 0x0000000100000000)
  eden space 133120K, 5% used [0x00000000d5e00000,0x00000000d64f9788,0x00000000de000000)
  from space 5120K, 99% used [0x00000000de500000,0x00000000de9fd158,0x00000000dea00000)
  to   space 5120K, 0% used [0x00000000de000000,0x00000000de000000,0x00000000de500000)
 ParOldGen       total 87552K, used 13939K [0x0000000081a00000, 0x0000000086f80000, 0x00000000d5e00000)
  object space 87552K, 15% used [0x0000000081a00000,0x000000008279cef8,0x0000000086f80000)
 Metaspace       used 20740K, capacity 21098K, committed 21248K, reserved 1067008K
  class space    used 2575K, capacity 2692K, committed 2816K, reserved 1048576K
Event: 2.992 GC heap after
Heap after GC invocations=5 (full 0):
 PSYoungGen      total 138240K, used 5092K [0x00000000d5e00000, 0x00000000e7d00000, 0x0000000100000000)
  eden space 133120K, 0% used [0x00000000d5e00000,0x00000000d5e00000,0x00000000de000000)
  from space 5120K, 99% used [0x00000000de000000,0x00000000de4f9168,0x00000000de500000)
  to   space 13824K, 0% used [0x00000000e6f80000,0x00000000e6f80000,0x00000000e7d00000)
 ParOldGen       total 87552K, used 14367K [0x0000000081a00000, 0x0000000086f80000, 0x00000000d5e00000)
  object space 87552K, 16% used [0x0000000081a00000,0x0000000082807d70,0x0000000086f80000)
 Metaspace       used 20740K, capacity 21098K, committed 21248K, reserved 1067008K
  class space    used 2575K, capacity 2692K, committed 2816K, reserved 1048576K
}
Event: 2.992 GC heap before
{Heap before GC invocations=6 (full 1):
 PSYoungGen      total 138240K, used 5092K [0x00000000d5e00000, 0x00000000e7d00000, 0x0000000100000000)
  eden space 133120K, 0% used [0x00000000d5e00000,0x00000000d5e00000,0x00000000de000000)
  from space 5120K, 99% used [0x00000000de000000,0x00000000de4f9168,0x00000000de500000)
  to   space 13824K, 0% used [0x00000000e6f80000,0x00000000e6f80000,0x00000000e7d00000)
 ParOldGen       total 87552K, used 14367K [0x0000000081a00000, 0x0000000086f80000, 0x00000000d5e00000)
  object space 87552K, 16% used [0x0000000081a00000,0x0000000082807d70,0x0000000086f80000)
 Metaspace       used 20740K, capacity 21098K, committed 21248K, reserved 1067008K
  class space    used 2575K, capacity 2692K, committed 2816K, reserved 1048576K
Event: 3.040 GC heap after
Heap after GC invocations=6 (full 1):
 PSYoungGen      total 138240K, used 0K [0x00000000d5e00000, 0x00000000e7d00000, 0x0000000100000000)
  eden space 133120K, 0% used [0x00000000d5e00000,0x00000000d5e00000,0x00000000de000000)
  from space 5120K, 0% used [0x00000000de000000,0x00000000de000000,0x00000000de500000)
  to   space 13824K, 0% used [0x00000000e6f80000,0x00000000e6f80000,0x00000000e7d00000)
 ParOldGen       total 64000K, used 15654K [0x0000000081a00000, 0x0000000085880000, 0x00000000d5e00000)
  object space 64000K, 24% used [0x0000000081a00000,0x0000000082949a68,0x0000000085880000)
 Metaspace       used 20740K, capacity 21098K, committed 21248K, reserved 1067008K
  class space    used 2575K, capacity 2692K, committed 2816K, reserved 1048576K
}
Event: 3.855 GC heap before
{Heap before GC invocations=7 (full 1):
 PSYoungGen      total 138240K, used 133120K [0x00000000d5e00000, 0x00000000e7d00000, 0x0000000100000000)
  eden space 133120K, 100% used [0x00000000d5e00000,0x00000000de000000,0x00000000de000000)
  from space 5120K, 0% used [0x00000000de000000,0x00000000de000000,0x00000000de500000)
  to   space 13824K, 0% used [0x00000000e6f80000,0x00000000e6f80000,0x00000000e7d00000)
 ParOldGen       total 64000K, used 15654K [0x0000000081a00000, 0x0000000085880000, 0x00000000d5e00000)
  object space 64000K, 24% used [0x0000000081a00000,0x0000000082949a68,0x0000000085880000)
 Metaspace       used 26467K, capacity 26862K, committed 27008K, reserved 1073152K
  class space    used 3333K, capacity 3434K, committed 3456K, reserved 1048576K
Event: 3.868 GC heap after
Heap after GC invocations=7 (full 1):
 PSYoungGen      total 246784K, used 9775K [0x00000000d5e00000, 0x00000000e7980000, 0x0000000100000000)
  eden space 236544K, 0% used [0x00000000d5e00000,0x00000000d5e00000,0x00000000e4500000)
  from space 10240K, 95% used [0x00000000e6f80000,0x00000000e790bec0,0x00000000e7980000)
  to   space 13824K, 0% used [0x00000000e5e80000,0x00000000e5e80000,0x00000000e6c00000)
 ParOldGen       total 64000K, used 15654K [0x0000000081a00000, 0x0000000085880000, 0x00000000d5e00000)
  object space 64000K, 24% used [0x0000000081a00000,0x0000000082949a68,0x0000000085880000)
 Metaspace       used 26467K, capacity 26862K, committed 27008K, reserved 1073152K
  class space    used 3333K, capacity 3434K, committed 3456K, reserved 1048576K
}
Event: 25.211 GC heap before
{Heap before GC invocations=8 (full 1):
 PSYoungGen      total 246784K, used 238604K [0x00000000d5e00000, 0x00000000e7980000, 0x0000000100000000)
  eden space 236544K, 96% used [0x00000000d5e00000,0x00000000e3d77298,0x00000000e4500000)
  from space 10240K, 95% used [0x00000000e6f80000,0x00000000e790bec0,0x00000000e7980000)
  to   space 13824K, 0% used [0x00000000e5e80000,0x00000000e5e80000,0x00000000e6c00000)
 ParOldGen       total 64000K, used 15654K [0x0000000081a00000, 0x0000000085880000, 0x00000000d5e00000)
  object space 64000K, 24% used [0x0000000081a00000,0x0000000082949a68,0x0000000085880000)
 Metaspace       used 34815K, capacity 35234K, committed 35416K, reserved 1081344K
  class space    used 4362K, capacity 4479K, committed 4480K, reserved 1048576K
Event: 25.229 GC heap after
Heap after GC invocations=8 (full 1):
 PSYoungGen      total 276480K, used 13807K [0x00000000d5e00000, 0x00000000f0e80000, 0x0000000100000000)
  eden space 262656K, 0% used [0x00000000d5e00000,0x00000000d5e00000,0x00000000e5e80000)
  from space 13824K, 99% used [0x00000000e5e80000,0x00000000e6bfbe30,0x00000000e6c00000)
  to   space 17408K, 0% used [0x00000000efd80000,0x00000000efd80000,0x00000000f0e80000)
 ParOldGen       total 64000K, used 18414K [0x0000000081a00000, 0x0000000085880000, 0x00000000d5e00000)
  object space 64000K, 28% used [0x0000000081a00000,0x0000000082bfb880,0x0000000085880000)
 Metaspace       used 34815K, capacity 35234K, committed 35416K, reserved 1081344K
  class space    used 4362K, capacity 4479K, committed 4480K, reserved 1048576K
}
Event: 25.229 GC heap before
{Heap before GC invocations=9 (full 2):
 PSYoungGen      total 276480K, used 13807K [0x00000000d5e00000, 0x00000000f0e80000, 0x0000000100000000)
  eden space 262656K, 0% used [0x00000000d5e00000,0x00000000d5e00000,0x00000000e5e80000)
  from space 13824K, 99% used [0x00000000e5e80000,0x00000000e6bfbe30,0x00000000e6c00000)
  to   space 17408K, 0% used [0x00000000efd80000,0x00000000efd80000,0x00000000f0e80000)
 ParOldGen       total 64000K, used 18414K [0x0000000081a00000, 0x0000000085880000, 0x00000000d5e00000)
  object space 64000K, 28% used [0x0000000081a00000,0x0000000082bfb880,0x0000000085880000)
 Metaspace       used 34815K, capacity 35234K, committed 35416K, reserved 1081344K
  class space    used 4362K, capacity 4479K, committed 4480K, reserved 1048576K
Event: 25.324 GC heap after
Heap after GC invocations=9 (full 2):
 PSYoungGen      total 276480K, used 0K [0x00000000d5e00000, 0x00000000f0e80000, 0x0000000100000000)
  eden space 262656K, 0% used [0x00000000d5e00000,0x00000000d5e00000,0x00000000e5e80000)
  from space 13824K, 0% used [0x00000000e5e80000,0x00000000e5e80000,0x00000000e6c00000)
  to   space 17408K, 0% used [0x00000000efd80000,0x00000000efd80000,0x00000000f0e80000)
 ParOldGen       total 81408K, used 25808K [0x0000000081a00000, 0x0000000086980000, 0x00000000d5e00000)
  object space 81408K, 31% used [0x0000000081a00000,0x0000000083334170,0x0000000086980000)
 Metaspace       used 34815K, capacity 35234K, committed 35416K, reserved 1081344K
  class space    used 4362K, capacity 4479K, committed 4480K, reserved 1048576K
}

Deoptimization events (0 events):
No events

Classes redefined (2 events):
Event: 117.036 Thread 0x00000000577e4000 redefined class name=gene.helper.GetQinShuiHelper, count=1
Event: 230.745 Thread 0x00000000577e4000 redefined class name=gene.helper.GetQinShuiHelper, count=2

Internal exceptions (10 events):
Event: 25.410 Thread 0x000000005d59a800 Exception <a 'java/lang/ClassNotFoundException': org/thymeleaf/spring4/view/AbstractThymeleafViewCustomizer> (0x00000000d692e3c8) thrown at [C:\re\workspace\8-2-build-windows-amd64-cygwin\jdk8u171\10807\hotspot\src\share\vm\classfile\systemDictionary.cpp,
Event: 25.410 Thread 0x000000005d59a800 Exception <a 'java/lang/ArrayIndexOutOfBoundsException'> (0x00000000d6932de0) thrown at [C:\re\workspace\8-2-build-windows-amd64-cygwin\jdk8u171\10807\hotspot\src\share\vm\runtime\sharedRuntime.cpp, line 605]
Event: 25.410 Thread 0x000000005d59a800 Exception <a 'java/lang/ArrayIndexOutOfBoundsException'> (0x00000000d6934ce0) thrown at [C:\re\workspace\8-2-build-windows-amd64-cygwin\jdk8u171\10807\hotspot\src\share\vm\runtime\sharedRuntime.cpp, line 605]
Event: 25.411 Thread 0x000000005d59a800 Exception <a 'java/lang/ClassNotFoundException': org/thymeleaf/spring4/view/ThymeleafViewCustomizer> (0x00000000d6963180) thrown at [C:\re\workspace\8-2-build-windows-amd64-cygwin\jdk8u171\10807\hotspot\src\share\vm\classfile\systemDictionary.cpp, line 21
Event: 25.411 Thread 0x000000005d59a800 Exception <a 'java/lang/ArrayIndexOutOfBoundsException'> (0x00000000d6965b40) thrown at [C:\re\workspace\8-2-build-windows-amd64-cygwin\jdk8u171\10807\hotspot\src\share\vm\runtime\sharedRuntime.cpp, line 605]
Event: 25.849 Thread 0x000000005ec0d800 Exception <a 'java/io/FileNotFoundException'> (0x00000000d8155890) thrown at [C:\re\workspace\8-2-build-windows-amd64-cygwin\jdk8u171\10807\hotspot\src\share\vm\prims\jni.cpp, line 709]
Event: 25.849 Thread 0x000000005ec0d800 Exception <a 'java/io/FileNotFoundException'> (0x00000000d81564d8) thrown at [C:\re\workspace\8-2-build-windows-amd64-cygwin\jdk8u171\10807\hotspot\src\share\vm\prims\jni.cpp, line 709]
Event: 111.911 Thread 0x000000005ec11800 Exception <a 'java/lang/ArrayIndexOutOfBoundsException'> (0x00000000dcbcffb0) thrown at [C:\re\workspace\8-2-build-windows-amd64-cygwin\jdk8u171\10807\hotspot\src\share\vm\runtime\sharedRuntime.cpp, line 605]
Event: 111.911 Thread 0x000000005ec11800 Exception <a 'java/lang/ArrayIndexOutOfBoundsException'> (0x00000000dcbd1e30) thrown at [C:\re\workspace\8-2-build-windows-amd64-cygwin\jdk8u171\10807\hotspot\src\share\vm\runtime\sharedRuntime.cpp, line 605]
Event: 111.911 Thread 0x000000005ec11800 Exception <a 'java/lang/ArrayIndexOutOfBoundsException'> (0x00000000dcbd3218) thrown at [C:\re\workspace\8-2-build-windows-amd64-cygwin\jdk8u171\10807\hotspot\src\share\vm\runtime\sharedRuntime.cpp, line 605]

Events (10 events):
Event: 235.125 Thread 0x0000000059bdb800 flushing nmethod 0x0000000002fc3b10
Event: 235.125 Thread 0x0000000059bdb800 flushing nmethod 0x0000000002fc8f50
Event: 235.125 Thread 0x0000000059bdb800 flushing nmethod 0x0000000002fd8790
Event: 235.125 Thread 0x0000000059bdb800 flushing nmethod 0x0000000002fda890
Event: 235.125 Thread 0x0000000059bdb800 flushing nmethod 0x0000000002fde3d0
Event: 235.126 Thread 0x0000000059bdb800 flushing nmethod 0x00000000030143d0
Event: 235.126 Thread 0x0000000059bdb800 flushing nmethod 0x0000000003015750
Event: 235.126 Thread 0x0000000059bdb800 flushing nmethod 0x000000000302a790
Event: 235.126 Thread 0x0000000059bdb800 flushing nmethod 0x0000000003036f10
Event: 235.126 Thread 0x0000000059bdb800 flushing nmethod 0x00000000030373d0


Dynamic libraries:
0x000000013fff0000 - 0x0000000140027000 	C:\Program Files\Java\jdk1.8.0_171\bin\java.exe
0x00000000777a0000 - 0x000000007793f000 	C:\Windows\SYSTEM32\ntdll.dll
0x0000000077680000 - 0x000000007779f000 	C:\Windows\system32\kernel32.dll
0x000007fefd9f0000 - 0x000007fefda5a000 	C:\Windows\system32\KERNELBASE.dll
0x000007fefe700000 - 0x000007fefe7db000 	C:\Windows\system32\ADVAPI32.dll
0x000007fefe340000 - 0x000007fefe3df000 	C:\Windows\system32\msvcrt.dll
0x000007fefe9e0000 - 0x000007fefe9ff000 	C:\Windows\SYSTEM32\sechost.dll
0x000007fefe5d0000 - 0x000007fefe6fd000 	C:\Windows\system32\RPCRT4.dll
0x0000000077580000 - 0x000000007767a000 	C:\Windows\system32\USER32.dll
0x000007fefdb40000 - 0x000007fefdba7000 	C:\Windows\system32\GDI32.dll
0x000007fefe430000 - 0x000007fefe43e000 	C:\Windows\system32\LPK.dll
0x000007fefdce0000 - 0x000007fefdda9000 	C:\Windows\system32\USP10.dll
0x000007fefbe30000 - 0x000007fefc024000 	C:\Windows\WinSxS\amd64_microsoft.windows.common-controls_6595b64144ccf1df_6.0.7601.18837_none_fa3b1e3d17594757\COMCTL32.dll
0x000007feff900000 - 0x000007feff971000 	C:\Windows\system32\SHLWAPI.dll
0x000007fefeb40000 - 0x000007fefeb6e000 	C:\Windows\system32\IMM32.DLL
0x000007feff980000 - 0x000007feffa89000 	C:\Windows\system32\MSCTF.dll
0x0000000063200000 - 0x00000000632d2000 	C:\Program Files\Java\jdk1.8.0_171\jre\bin\msvcr100.dll
0x000000005bfc0000 - 0x000000005c860000 	C:\Program Files\Java\jdk1.8.0_171\jre\bin\server\jvm.dll
0x000007fef0080000 - 0x000007fef0089000 	C:\Windows\system32\WSOCK32.dll
0x000007fefe3e0000 - 0x000007fefe42d000 	C:\Windows\system32\WS2_32.dll
0x000007fefe030000 - 0x000007fefe038000 	C:\Windows\system32\NSI.dll
0x000007fef9df0000 - 0x000007fef9e2b000 	C:\Windows\system32\WINMM.dll
0x000007fefc7c0000 - 0x000007fefc7cc000 	C:\Windows\system32\VERSION.dll
0x0000000077940000 - 0x0000000077947000 	C:\Windows\system32\PSAPI.DLL
0x00000000740b0000 - 0x00000000740bf000 	C:\Program Files\Java\jdk1.8.0_171\jre\bin\verify.dll
0x000000006e7b0000 - 0x000000006e7d9000 	C:\Program Files\Java\jdk1.8.0_171\jre\bin\java.dll
0x000000006e770000 - 0x000000006e7a5000 	C:\Program Files\Java\jdk1.8.0_171\jre\bin\jdwp.dll
0x00000000744f0000 - 0x00000000744f8000 	C:\Program Files\Java\jdk1.8.0_171\jre\bin\npt.dll
0x000000006bf30000 - 0x000000006bf53000 	C:\Program Files\Java\jdk1.8.0_171\jre\bin\instrument.dll
0x000000006f250000 - 0x000000006f266000 	C:\Program Files\Java\jdk1.8.0_171\jre\bin\zip.dll
0x000007fefeb70000 - 0x000007feff8fb000 	C:\Windows\system32\SHELL32.dll
0x000007fefde30000 - 0x000007fefe02d000 	C:\Windows\system32\ole32.dll
0x000007fefd690000 - 0x000007fefd69f000 	C:\Windows\system32\profapi.dll
0x00000000740a0000 - 0x00000000740a9000 	C:\Program Files\Java\jdk1.8.0_171\jre\bin\dt_socket.dll
0x000007fefced0000 - 0x000007fefcf25000 	C:\Windows\system32\mswsock.dll
0x000007fefc890000 - 0x000007fefc897000 	C:\Windows\System32\wshtcpip.dll
0x000000006f240000 - 0x000000006f24d000 	C:\Program Files\Java\jdk1.8.0_171\jre\bin\management.dll
0x000000006bae0000 - 0x000000006bafa000 	C:\Program Files\Java\jdk1.8.0_171\jre\bin\net.dll
0x000007fefcec0000 - 0x000007fefcec7000 	C:\Windows\System32\wship6.dll
0x0000000061260000 - 0x0000000061271000 	C:\Program Files\Java\jdk1.8.0_171\jre\bin\nio.dll
0x000007fefb690000 - 0x000007fefb6a5000 	C:\Windows\system32\NLAapi.dll
0x000007fef8fd0000 - 0x000007fef8fe5000 	C:\Windows\system32\napinsp.dll
0x000007fef8fb0000 - 0x000007fef8fc9000 	C:\Windows\system32\pnrpnsp.dll
0x000007fefcd50000 - 0x000007fefcdab000 	C:\Windows\system32\DNSAPI.dll
0x000007fef8fa0000 - 0x000007fef8fab000 	C:\Windows\System32\winrnr.dll
0x000007fefaff0000 - 0x000007fefb017000 	C:\Windows\system32\IPHLPAPI.DLL
0x000007fefafe0000 - 0x000007fefafeb000 	C:\Windows\system32\WINNSI.DLL
0x000007fef51b0000 - 0x000007fef51b8000 	C:\Windows\system32\rasadhlp.dll
0x000007fefad70000 - 0x000007fefadc3000 	C:\Windows\System32\fwpuclnt.dll
0x000007fefcf30000 - 0x000007fefcf47000 	C:\Windows\system32\CRYPTSP.dll
0x000007fefcc30000 - 0x000007fefcc77000 	C:\Windows\system32\rsaenh.dll
0x000007fefc9b0000 - 0x000007fefc9ce000 	C:\Windows\system32\USERENV.dll
0x000007fefd5c0000 - 0x000007fefd5cf000 	C:\Windows\system32\CRYPTBASE.dll
0x000007fefad40000 - 0x000007fefad51000 	C:\Windows\system32\dhcpcsvc6.DLL
0x000007fefacc0000 - 0x000007fefacd8000 	C:\Windows\system32\dhcpcsvc.DLL
0x000007fef9e30000 - 0x000007fef9f55000 	C:\Windows\system32\dbghelp.dll

VM Arguments:
jvm_args: -agentlib:jdwp=transport=dt_socket,address=127.0.0.1:63220,suspend=y,server=n -XX:TieredStopAtLevel=1 -Xverify:none -Dspring.output.ansi.enabled=always -Dcom.sun.management.jmxremote -Dcom.sun.management.jmxremote.port=63219 -Dcom.sun.management.jmxremote.authenticate=false -Dcom.sun.management.jmxremote.ssl=false -Djava.rmi.server.hostname=localhost -Dspring.liveBeansView.mbeanDomain -Dspring.application.admin.enabled=true -javaagent:C:\Users\Administrator\.IntelliJIdea2018.1\system\captureAgent\debugger-agent.jar=file:/C:/Users/Administrator/AppData/Local/Temp/capture.props -Dfile.encoding=UTF-8 
java_command: gene.Application
java_class_path (initial): C:\Program Files\Java\jdk1.8.0_171\jre\lib\charsets.jar;C:\Program Files\Java\jdk1.8.0_171\jre\lib\deploy.jar;C:\Program Files\Java\jdk1.8.0_171\jre\lib\ext\access-bridge-64.jar;C:\Program Files\Java\jdk1.8.0_171\jre\lib\ext\cldrdata.jar;C:\Program Files\Java\jdk1.8.0_171\jre\lib\ext\dnsns.jar;C:\Program Files\Java\jdk1.8.0_171\jre\lib\ext\jaccess.jar;C:\Program Files\Java\jdk1.8.0_171\jre\lib\ext\jfxrt.jar;C:\Program Files\Java\jdk1.8.0_171\jre\lib\ext\localedata.jar;C:\Program Files\Java\jdk1.8.0_171\jre\lib\ext\nashorn.jar;C:\Program Files\Java\jdk1.8.0_171\jre\lib\ext\sunec.jar;C:\Program Files\Java\jdk1.8.0_171\jre\lib\ext\sunjce_provider.jar;C:\Program Files\Java\jdk1.8.0_171\jre\lib\ext\sunmscapi.jar;C:\Program Files\Java\jdk1.8.0_171\jre\lib\ext\sunpkcs11.jar;C:\Program Files\Java\jdk1.8.0_171\jre\lib\ext\zipfs.jar;C:\Program Files\Java\jdk1.8.0_171\jre\lib\javaws.jar;C:\Program Files\Java\jdk1.8.0_171\jre\lib\jce.jar;C:\Program Files\Java\jdk1.8.0_171\jre\lib\jfr.jar;C:\Program Files\Java\jdk1.8.0_171\jre\lib\jfxswt.jar;C:\Program Files\Java\jdk1.8.0_171\jre\lib\jsse.jar;C:\Program Files\Java\jdk1.8.0_171\jre\lib\management-agent.jar;C:\Program Files\Java\jdk1.8.0_171\jre\lib\plugin.jar;C:\Program Files\Java\jdk1.8.0_171\jre\lib\resources.jar;C:\Program Files\Java\jdk1.8.0_171\jre\lib\rt.jar;E:\otherItem\QinShuiXing\QinShuiXing\target\classes;C:\Users\Administrator\.m2\repository\org\springframework\boot\spring-boot-starter-hateoas\1.3.5.RELEASE\spring-boot-starter-hateoas-1.3.5.RELEASE.jar;C:\Users\Administrator\.m2\repository\org\springframework\boot\spring-boot-starter-web\1.3.5.RELEASE\spring-boot-starter-web-1.3.5.RELEASE.jar;C:\Users\Administrator\.m2\repository\org\springframework\boot\spring-boot-starter-tomcat\1.3.5.RELEASE\spring-boot-starter-tomcat-1.3.5.RELEASE.jar;C:\Users\Administrator\.m2\repository\org\apache\tomcat\embed\tomcat-embed-core\8.0.33\tomcat-embed-core-8.0.33.jar;C:\Users\Administrator\.m2\repository\
Launcher Type: SUN_STANDARD

Environment Variables:
JAVA_HOME=C:\Program Files\Java\jdk1.8.0_171
CLASSPATH=.;C:\Program Files\Java\jdk1.8.0_171\lib;C:\Program Files\Java\jdk1.8.0_171\lib\tools.jar
PATH=C:\Windows\system32;C:\Windows;C:\Windows\System32\Wbem;C:\Windows\System32\WindowsPowerShell\v1.0\;C:\Program Files\Java\jdk1.8.0_171\bin;C:\Program Files\Java\jdk1.8.0_171\jre\bin;E:\tools\apache-maven-3.3.9-bin\apache-maven-3.3.9\bin;D:\new_system\git\Git\cmd;D:\mysql-5.6.35-winx64\mysql-5.6.35-winx64\bin;
USERNAME=Administrator
OS=Windows_NT
PROCESSOR_IDENTIFIER=Intel64 Family 6 Model 94 Stepping 3, GenuineIntel



---------------  S Y S T E M  ---------------

OS: Windows 7 , 64 bit Build 7601 (6.1.7601.24168)

CPU:total 4 (initial active 4) (2 cores per cpu, 2 threads per core) family 6 model 94 stepping 3, cmov, cx8, fxsr, mmx, sse, sse2, sse3, ssse3, sse4.1, sse4.2, popcnt, avx, avx2, aes, clmul, erms, 3dnowpref, lzcnt, ht, tsc, tscinvbit, bmi1, bmi2, adx

Memory: 4k page, physical 8277176k(647820k free), swap 16552476k(7213948k free)

vm_info: Java HotSpot(TM) 64-Bit Server VM (25.171-b11) for windows-amd64 JRE (1.8.0_171-b11), built on Mar 28 2018 16:06:12 by "java_re" with MS VC++ 10.0 (VS2010)

time: Wed Aug 15 14:14:46 2018
elapsed time: 235 seconds (0d 0h 3m 55s)

